Determining if the getrandom exist failed with the following output:
Change Dir: /Users/frankeder/Documents/ocio/build/ext/build/libexpat/src/expat_install-build/CMakeFiles/CMakeTmp

Run Build Command(s):/usr/bin/make cmTC_6d81c/fast && /Applications/Xcode.app/Contents/Developer/usr/bin/make  -f CMakeFiles/cmTC_6d81c.dir/build.make CMakeFiles/cmTC_6d81c.dir/build
Building C object CMakeFiles/cmTC_6d81c.dir/CheckSymbolExists.c.o
/Applications/Xcode.app/Contents/Developer/Toolchains/XcodeDefault.xctoolchain/usr/bin/cc   -fPIC  -isysroot /Applications/Xcode.app/Contents/Developer/Platforms/MacOSX.platform/Developer/SDKs/MacOSX10.15.sdk -o CMakeFiles/cmTC_6d81c.dir/CheckSymbolExists.c.o -c /Users/frankeder/Documents/ocio/build/ext/build/libexpat/src/expat_install-build/CMakeFiles/CMakeTmp/CheckSymbolExists.c
In file included from /Users/frankeder/Documents/ocio/build/ext/build/libexpat/src/expat_install-build/CMakeFiles/CMakeTmp/CheckSymbolExists.c:2:
/Applications/Xcode.app/Contents/Developer/Platforms/MacOSX.platform/Developer/SDKs/MacOSX10.15.sdk/usr/include/sys/random.h:36:21: error: expected parameter declarator
    __OSX_AVAILABLE(10.12) __IOS_AVAILABLE(10.0) __TVOS_AVAILABLE(10.0) __WATCHOS_AVAILABLE(3.0)
                    ^
/Applications/Xcode.app/Contents/Developer/Platforms/MacOSX.platform/Developer/SDKs/MacOSX10.15.sdk/usr/include/sys/random.h:36:21: error: expected ')'
/Applications/Xcode.app/Contents/Developer/Platforms/MacOSX.platform/Developer/SDKs/MacOSX10.15.sdk/usr/include/sys/random.h:36:20: note: to match this '('
    __OSX_AVAILABLE(10.12) __IOS_AVAILABLE(10.0) __TVOS_AVAILABLE(10.0) __WATCHOS_AVAILABLE(3.0)
                   ^
/Applications/Xcode.app/Contents/Developer/Platforms/MacOSX.platform/Developer/SDKs/MacOSX10.15.sdk/usr/include/sys/random.h:36:28: error: expected function body after function declarator
    __OSX_AVAILABLE(10.12) __IOS_AVAILABLE(10.0) __TVOS_AVAILABLE(10.0) __WATCHOS_AVAILABLE(3.0)
                           ^
/Users/frankeder/Documents/ocio/build/ext/build/libexpat/src/expat_install-build/CMakeFiles/CMakeTmp/CheckSymbolExists.c:8:19: error: use of undeclared identifier 'getrandom'
  return ((int*)(&getrandom))[argc];
                  ^
4 errors generated.
make[4]: *** [CMakeFiles/cmTC_6d81c.dir/CheckSymbolExists.c.o] Error 1
make[3]: *** [cmTC_6d81c/fast] Error 2


File /Users/frankeder/Documents/ocio/build/ext/build/libexpat/src/expat_install-build/CMakeFiles/CMakeTmp/CheckSymbolExists.c:
/* */
#include <sys/random.h>

int main(int argc, char** argv)
{
  (void)argv;
#ifndef getrandom
  return ((int*)(&getrandom))[argc];
#else
  (void)argc;
  return 0;
#endif
}
Determining if the off_t exist failed with the following output:
Change Dir: /Users/frankeder/Documents/ocio/build/ext/build/libexpat/src/expat_install-build/CMakeFiles/CMakeTmp

Run Build Command(s):/usr/bin/make cmTC_f7c0c/fast && /Applications/Xcode.app/Contents/Developer/usr/bin/make  -f CMakeFiles/cmTC_f7c0c.dir/build.make CMakeFiles/cmTC_f7c0c.dir/build
Building C object CMakeFiles/cmTC_f7c0c.dir/CheckSymbolExists.c.o
/Applications/Xcode.app/Contents/Developer/Toolchains/XcodeDefault.xctoolchain/usr/bin/cc   -fPIC  -isysroot /Applications/Xcode.app/Contents/Developer/Platforms/MacOSX.platform/Developer/SDKs/MacOSX10.15.sdk -o CMakeFiles/cmTC_f7c0c.dir/CheckSymbolExists.c.o -c /Users/frankeder/Documents/ocio/build/ext/build/libexpat/src/expat_install-build/CMakeFiles/CMakeTmp/CheckSymbolExists.c
/Users/frankeder/Documents/ocio/build/ext/build/libexpat/src/expat_install-build/CMakeFiles/CMakeTmp/CheckSymbolExists.c:8:19: error: unexpected type name 'off_t': expected expression
  return ((int*)(&off_t))[argc];
                  ^
1 error generated.
make[4]: *** [CMakeFiles/cmTC_f7c0c.dir/CheckSymbolExists.c.o] Error 1
make[3]: *** [cmTC_f7c0c/fast] Error 2


File /Users/frankeder/Documents/ocio/build/ext/build/libexpat/src/expat_install-build/CMakeFiles/CMakeTmp/CheckSymbolExists.c:
/* */
#include <sys/types.h>

int main(int argc, char** argv)
{
  (void)argv;
#ifndef off_t
  return ((int*)(&off_t))[argc];
#else
  (void)argc;
  return 0;
#endif
}
Determining if the size_t exist failed with the following output:
Change Dir: /Users/frankeder/Documents/ocio/build/ext/build/libexpat/src/expat_install-build/CMakeFiles/CMakeTmp

Run Build Command(s):/usr/bin/make cmTC_9fa61/fast && /Applications/Xcode.app/Contents/Developer/usr/bin/make  -f CMakeFiles/cmTC_9fa61.dir/build.make CMakeFiles/cmTC_9fa61.dir/build
Building C object CMakeFiles/cmTC_9fa61.dir/CheckSymbolExists.c.o
/Applications/Xcode.app/Contents/Developer/Toolchains/XcodeDefault.xctoolchain/usr/bin/cc   -fPIC  -isysroot /Applications/Xcode.app/Contents/Developer/Platforms/MacOSX.platform/Developer/SDKs/MacOSX10.15.sdk -o CMakeFiles/cmTC_9fa61.dir/CheckSymbolExists.c.o -c /Users/frankeder/Documents/ocio/build/ext/build/libexpat/src/expat_install-build/CMakeFiles/CMakeTmp/CheckSymbolExists.c
/Users/frankeder/Documents/ocio/build/ext/build/libexpat/src/expat_install-build/CMakeFiles/CMakeTmp/CheckSymbolExists.c:8:19: error: unexpected type name 'size_t': expected expression
  return ((int*)(&size_t))[argc];
                  ^
1 error generated.
make[4]: *** [CMakeFiles/cmTC_9fa61.dir/CheckSymbolExists.c.o] Error 1
make[3]: *** [cmTC_9fa61/fast] Error 2


File /Users/frankeder/Documents/ocio/build/ext/build/libexpat/src/expat_install-build/CMakeFiles/CMakeTmp/CheckSymbolExists.c:
/* */
#include <sys/types.h>

int main(int argc, char** argv)
{
  (void)argv;
#ifndef size_t
  return ((int*)(&size_t))[argc];
#else
  (void)argc;
  return 0;
#endif
}
Performing C SOURCE FILE Test HAVE_SYSCALL_GETRANDOM failed with the following output:
Change Dir: /Users/frankeder/Documents/ocio/build/ext/build/libexpat/src/expat_install-build/CMakeFiles/CMakeTmp

Run Build Command(s):/usr/bin/make cmTC_c3f3b/fast && /Applications/Xcode.app/Contents/Developer/usr/bin/make  -f CMakeFiles/cmTC_c3f3b.dir/build.make CMakeFiles/cmTC_c3f3b.dir/build
Building C object CMakeFiles/cmTC_c3f3b.dir/src.c.o
/Applications/Xcode.app/Contents/Developer/Toolchains/XcodeDefault.xctoolchain/usr/bin/cc -DHAVE_SYSCALL_GETRANDOM  -fPIC  -isysroot /Applications/Xcode.app/Contents/Developer/Platforms/MacOSX.platform/Developer/SDKs/MacOSX10.15.sdk -o CMakeFiles/cmTC_c3f3b.dir/src.c.o -c /Users/frankeder/Documents/ocio/build/ext/build/libexpat/src/expat_install-build/CMakeFiles/CMakeTmp/src.c
/Users/frankeder/Documents/ocio/build/ext/build/libexpat/src/expat_install-build/CMakeFiles/CMakeTmp/src.c:6:13: warning: 'syscall' is deprecated: first deprecated in macOS 10.12 - syscall(2) is unsupported; please switch to a supported interface. For SYS_kdebug_trace use kdebug_signpost(). [-Wdeprecated-declarations]
            syscall(SYS_getrandom, NULL, 0, 0);
            ^
/Applications/Xcode.app/Contents/Developer/Platforms/MacOSX.platform/Developer/SDKs/MacOSX10.15.sdk/usr/include/unistd.h:742:6: note: 'syscall' has been explicitly marked deprecated here
int      syscall(int, ...);
         ^
/Users/frankeder/Documents/ocio/build/ext/build/libexpat/src/expat_install-build/CMakeFiles/CMakeTmp/src.c:6:21: error: use of undeclared identifier 'SYS_getrandom'
            syscall(SYS_getrandom, NULL, 0, 0);
                    ^
1 warning and 1 error generated.
make[4]: *** [CMakeFiles/cmTC_c3f3b.dir/src.c.o] Error 1
make[3]: *** [cmTC_c3f3b/fast] Error 2


Source file was:

        #include <stdlib.h>  /* for NULL */
        #include <unistd.h>  /* for syscall */
        #include <sys/syscall.h>  /* for SYS_getrandom */
        int main() {
            syscall(SYS_getrandom, NULL, 0, 0);
            return 0;
        }
